[connection]
wifi.powersave = 2
Sync Explicit (1): qt5-wayland-5.15.10+kde+r52-1
resolving dependencies...
looking for conflicting packages...

Packages (4) qt5-base-5.15.10+kde+r147-1  qt5-declarative-5.15.10+kde+r29-1  qt5-translations-5.15.10-1  qt5-wayland-5.15.10+kde+r52-1

Total Download Size:    20.89 MiB
Total Installed Size:  107.61 MiB

:: Proceed with installation? [Y/n] 
:: Retrieving packages...
 qt5-base-5.15.10+kde+r147-1-x86_64 downloading...
 qt5-declarative-5.15.10+kde+r29-1-x86_64 downloading...
 qt5-translations-5.15.10-1-any downloading...
 qt5-wayland-5.15.10+kde+r52-1-x86_64 downloading...
checking keyring...
checking package integrity...
loading package files...
checking for file conflicts...
checking available disk space...
:: Processing package changes...
installing qt5-translations...
installing qt5-base...
Optional dependencies for qt5-base
    qt5-svg: to use SVG icon themes
    qt5-wayland: to run Qt applications in a Wayland session [pending]
    postgresql-libs: PostgreSQL driver
    mariadb-libs: MariaDB driver
    unixodbc: ODBC driver
    libfbclient: Firebird/iBase driver
    freetds: MS SQL driver
    gtk3: GTK platform plugin [installed]
    perl: for fixqt4headers and syncqt [installed]
installing qt5-declarative...
installing qt5-wayland...
:: Running post-transaction hooks...
(1/1) Arming ConditionNeedsUpdate...
Sync Explicit (1): qt5ct-1.7-1
resolving dependencies...
looking for conflicting packages...

Packages (2) qt5-svg-5.15.10+kde+r8-1  qt5ct-1.7-1

Total Download Size:   0.36 MiB
Total Installed Size:  1.36 MiB

:: Proceed with installation? [Y/n] 
:: Retrieving packages...
 qt5ct-1.7-1-x86_64 downloading...
 qt5-svg-5.15.10+kde+r8-1-x86_64 downloading...
checking keyring...
checking package integrity...
loading package files...
checking for file conflicts...
checking available disk space...
:: Processing package changes...
installing qt5-svg...
installing qt5ct...
:: Running post-transaction hooks...
(1/2) Arming ConditionNeedsUpdate...
(2/2) Updating the desktop file MIME type cache...
Sync Explicit (1): qt6ct-0.8-6
resolving dependencies...
looking for conflicting packages...

Packages (2) qt6-svg-6.5.2-1  qt6ct-0.8-6

Total Download Size:   0.35 MiB
Total Installed Size:  1.31 MiB

:: Proceed with installation? [Y/n] 
:: Retrieving packages...
 qt6-svg-6.5.2-1-x86_64 downloading...
 qt6ct-0.8-6-x86_64 downloading...
checking keyring...
checking package integrity...
loading package files...
checking for file conflicts...
checking available disk space...
:: Processing package changes...
installing qt6-svg...
installing qt6ct...
:: Running post-transaction hooks...
(1/2) Arming ConditionNeedsUpdate...
(2/2) Updating the desktop file MIME type cache...
Sync Explicit (1): qt5-quickcontrols2-5.15.10+kde+r6-1
resolving dependencies...
looking for conflicting packages...

Packages (1) qt5-quickcontrols2-5.15.10+kde+r6-1

Total Download Size:   1.52 MiB
Total Installed Size:  8.73 MiB

:: Proceed with installation? [Y/n] 
:: Retrieving packages...
 qt5-quickcontrols2-5.15.10+kde+r6-1-x86_64 downloading...
checking keyring...
checking package integrity...
loading package files...
checking for file conflicts...
checking available disk space...
:: Processing package changes...
installing qt5-quickcontrols2...
Optional dependencies for qt5-quickcontrols2
    qt5-graphicaleffects: for the Material style
:: Running post-transaction hooks...
(1/1) Arming ConditionNeedsUpdate...
Sync Explicit (1): qt5-graphicaleffects-5.15.10-1
resolving dependencies...
looking for conflicting packages...

Packages (1) qt5-graphicaleffects-5.15.10-1

Total Download Size:   0.07 MiB
Total Installed Size:  0.53 MiB

:: Proceed with installation? [Y/n] 
:: Retrieving packages...
 qt5-graphicaleffects-5.15.10-1-x86_64 downloading...
checking keyring...
checking package integrity...
loading package files...
checking for file conflicts...
checking available disk space...
:: Processing package changes...
installing qt5-graphicaleffects...
:: Running post-transaction hooks...
(1/1) Arming ConditionNeedsUpdate...
Sync Explicit (1): jq-1.6-4
resolving dependencies...
looking for conflicting packages...

Packages (2) oniguruma-6.9.8-1  jq-1.6-4

Total Download Size:   0.43 MiB
Total Installed Size:  1.53 MiB

:: Proceed with installation? [Y/n] 
:: Retrieving packages...
 jq-1.6-4-x86_64 downloading...
 oniguruma-6.9.8-1-x86_64 downloading...
checking keyring...
checking package integrity...
loading package files...
checking for file conflicts...
checking available disk space...
:: Processing package changes...
installing oniguruma...
installing jq...
:: Running post-transaction hooks...
(1/1) Arming ConditionNeedsUpdate...
Sync Explicit (1): wl-clipboard-1:2.2.0-1
resolving dependencies...
looking for conflicting packages...

Packages (1) wl-clipboard-1:2.2.0-1

Total Download Size:   0.03 MiB
Total Installed Size:  0.12 MiB

:: Proceed with installation? [Y/n] 
:: Retrieving packages...
 wl-clipboard-1:2.2.0-1-x86_64 downloading...
checking keyring...
checking package integrity...
loading package files...
checking for file conflicts...
checking available disk space...
:: Processing package changes...
installing wl-clipboard...
Optional dependencies for wl-clipboard
    xdg-utils: for content type inference in wl-copy [installed]
    mailcap: for type inference in wl-paste
:: Running post-transaction hooks...
(1/1) Arming ConditionNeedsUpdate...
Sync Explicit (1): cliphist-1:0.4.0-2
resolving dependencies...
looking for conflicting packages...

Packages (1) cliphist-1:0.4.0-2

Total Download Size:   0.65 MiB
Total Installed Size:  1.75 MiB

:: Proceed with installation? [Y/n] 
:: Retrieving packages...
 cliphist-1:0.4.0-2-x86_64 downloading...
checking keyring...
checking package integrity...
loading package files...
checking for file conflicts...
checking available disk space...
:: Processing package changes...
installing cliphist...
Optional dependencies for cliphist
    xdg-utils: image and mime inferance [installed]
:: Running post-transaction hooks...
(1/1) Arming ConditionNeedsUpdate...
Sync Explicit (1): pacman-contrib-1.9.1-1
resolving dependencies...
looking for conflicting packages...

Packages (1) pacman-contrib-1.9.1-1

Total Download Size:   0.05 MiB
Total Installed Size:  0.12 MiB

:: Proceed with installation? [Y/n] 
:: Retrieving packages...
 pacman-contrib-1.9.1-1-x86_64 downloading...
checking keyring...
checking package integrity...
loading package files...
checking for file conflicts...
checking available disk space...
:: Processing package changes...
installing pacman-contrib...
Optional dependencies for pacman-contrib
    diffutils: for pacdiff [installed]
    findutils: for pacdiff --find [installed]
    mlocate: for pacdiff --locate
    sudo: privilege elevation for several scripts [installed]
    vim: default merge program for pacdiff
:: Running post-transaction hooks...
(1/2) Reloading system manager configuration...
(2/2) Arming ConditionNeedsUpdate...
:: [1mThere are 2 providers available for cargo:
:: [1mRepository extra
    [0m1) rust 2) rustup [0m

Enter a number (default=1): 

AUR Explicit (1): swww-0.8.1-0
Sync Make Dependency (1): rust-1:1.71.1-1
:: [1m(1/1) Downloaded PKGBUILD: swww[0m
  1 swww                                     (Build Files Exist)
==> Packages to cleanBuild?
==> [N]one [A]ll [Ab]ort [I]nstalled [No]tInstalled or (1 2 3, 1-3, ^4)
==> 
  1 swww                                     (Build Files Exist)
==> Diffs to show?
==> [N]one [A]ll [Ab]ort [I]nstalled [No]tInstalled or (1 2 3, 1-3, ^4)
==> 
==> Making package: swww 0.8.1-0 (Sun 13 Aug 2023 02:48:23 AM IST)
==> Retrieving sources...
  -> Downloading swww-0.8.1.tar.gz...
  % Total    % Received % Xferd  Average Speed   Time    Time     Time  Current
                                 Dload  Upload   Total   Spent    Left  Speed
  0     0    0     0    0     0      0      0 --:--:-- --:--:-- --:--:--     0  0     0    0     0    0     0      0      0 --:--:-- --:--:-- --:--:--     0
100 71218    0 71218    0     0  87337      0 --:--:-- --:--:-- --:--:-- 87337
==> WARNING: Skipping verification of source file PGP signatures.
==> Validating source files with sha256sums...
    swww-0.8.1.tar.gz ... Passed
:: [1m(1/1) Parsing SRCINFO: swww[0m
resolving dependencies...
looking for conflicting packages...

Packages (1) rust-1:1.71.1-1

Total Download Size:    83.60 MiB
Total Installed Size:  446.93 MiB

:: Proceed with installation? [Y/n] 
:: Retrieving packages...
 rust-1:1.71.1-1-x86_64 downloading...
checking keyring...
checking package integrity...
loading package files...
checking for file conflicts...
checking available disk space...
:: Processing package changes...
installing rust...
Optional dependencies for rust
    gdb: rust-gdb script
    lldb: rust-lldb script [installed]
:: Running post-transaction hooks...
(1/1) Arming ConditionNeedsUpdate...
==> Making package: swww 0.8.1-0 (Sun 13 Aug 2023 02:48:30 AM IST)
==> Checking runtime dependencies...
==> Checking buildtime dependencies...
==> Retrieving sources...
  -> Found swww-0.8.1.tar.gz
==> Validating source files with sha256sums...
    swww-0.8.1.tar.gz ... Passed
==> Removing existing $srcdir/ directory...
==> Extracting sources...
  -> Extracting swww-0.8.1.tar.gz with bsdtar
==> Starting prepare()...
info: syncing channel updates for 'nightly-x86_64-unknown-linux-gnu'
info: latest update on 2023-08-12, rust version 1.73.0-nightly (a6f8aa5a0 2023-08-11)
info: downloading component 'cargo'
info: downloading component 'clippy'
info: downloading component 'rust-docs'
info: downloading component 'rust-std'
info: downloading component 'rustc'
info: downloading component 'rustfmt'
info: installing component 'cargo'
info: installing component 'clippy'
info: installing component 'rust-docs'
info: installing component 'rust-std'
info: installing component 'rustc'
info: installing component 'rustfmt'
    Updating crates.io index
 Downloading crates ...
  Downloaded seahash v4.1.0
  Downloaded version_check v0.9.4
  Downloaded ptr_meta_derive v0.1.4
  Downloaded oorandom v11.1.3
  Downloaded utf8parse v0.2.1
  Downloaded time-core v0.1.1
  Downloaded zune-inflate v0.2.54
  Downloaded clap_lex v0.5.0
  Downloaded itoa v1.0.8
  Downloaded terminal_size v0.2.6
  Downloaded cast v0.3.0
  Downloaded autocfg v1.1.0
  Downloaded anstyle-query v1.0.0
  Downloaded plotters-svg v0.3.5
  Downloaded tinyvec_macros v0.1.1
  Downloaded futures-core v0.3.28
  Downloaded funty v2.0.0
  Downloaded bytecheck_derive v0.6.11
  Downloaded downcast-rs v1.2.0
  Downloaded memoffset v0.7.1
  Downloaded predicates-core v1.0.6
  Downloaded termtree v0.4.1
  Downloaded rand_core v0.6.4
  Downloaded ppv-lite86 v0.2.17
  Downloaded termcolor v1.1.3
  Downloaded time-macros v0.2.10
  Downloaded sd-notify v0.4.1
  Downloaded simd-adler32 v0.3.5
  Downloaded heck v0.4.1
  Downloaded simdutf8 v0.1.4
  Downloaded rand_chacha v0.3.1
  Downloaded adler v1.0.2
  Downloaded simplelog v0.12.1
  Downloaded difflib v0.4.0
  Downloaded wait-timeout v0.2.0
  Downloaded num-integer v0.1.45
  Downloaded fdeflate v0.3.0
  Downloaded scoped-tls v1.0.1
  Downloaded pkg-config v0.3.27
  Downloaded wayland-sys v0.30.1
  Downloaded assert_cmd v2.0.11
  Downloaded bit_field v0.10.2
  Downloaded walkdir v2.3.3
  Downloaded getrandom v0.2.10
  Downloaded ahash v0.7.6
  Downloaded crc32fast v1.3.2
  Downloaded anstream v0.3.2
  Downloaded bitflags v2.3.3
  Downloaded predicates v3.0.3
  Downloaded clap_derive v4.3.2
  Downloaded lock_api v0.4.10
  Downloaded once_cell v1.18.0
  Downloaded spin v0.9.8
  Downloaded libloading v0.8.0
  Downloaded weezl v0.1.7
  Downloaded thiserror v1.0.43
  Downloaded clap_complete v4.3.2
  Downloaded uuid v1.4.0
  Downloaded pin-project v1.1.2
  Downloaded serde v1.0.171
  Downloaded qoi v0.4.1
  Downloaded bytemuck v1.13.1
  Downloaded flume v0.10.14
  Downloaded memchr v2.5.0
  Downloaded crossbeam-channel v0.5.8
  Downloaded rayon-core v1.11.0
  Downloaded wayland-backend v0.1.2
  Downloaded mint v0.5.9
  Downloaded flate2 v1.0.26
  Downloaded png v0.17.9
  Downloaded rkyv v0.7.42
  Downloaded hashbrown v0.12.3
  Downloaded rand v0.8.5
  Downloaded fast_image_resize v2.7.3
  Downloaded serde_json v1.0.102
  Downloaded quick-xml v0.28.2
  Downloaded scopeguard v1.1.0
  Downloaded cc v1.0.79
  Downloaded clap v4.3.11
  Downloaded wayland-protocols v0.30.0
  Downloaded num_threads v0.1.6
  Downloaded thiserror-impl v1.0.43
  Downloaded serde_derive v1.0.171
  Downloaded num-traits v0.2.15
  Downloaded predicates-tree v1.0.9
  Downloaded miniz_oxide v0.7.1
  Downloaded crossbeam-utils v0.8.16
  Downloaded proc-macro2 v1.0.64
  Downloaded ciborium v0.2.1
  Downloaded bitvec v1.0.1
  Downloaded bstr v1.6.0
  Downloaded exr v1.7.0
  Downloaded rustix v0.38.4
  Downloaded regex-syntax v0.7.4
  Downloaded nix v0.26.2
  Downloaded image v0.24.6
  Downloaded doc-comment v0.3.3
  Downloaded byteorder v1.4.3
  Downloaded colorchoice v1.0.0
  Downloaded aho-corasick v1.0.2
  Downloaded gif v0.12.0
  Downloaded regex-automata v0.3.3
  Downloaded wyz v0.5.1
  Downloaded ptr_meta v0.1.4
  Downloaded rkyv_derive v0.7.42
  Downloaded regex v1.9.1
  Downloaded anstyle v1.0.1
  Downloaded linux-raw-sys v0.3.8
  Downloaded ciborium-io v0.2.1
  Downloaded half v1.8.2
  Downloaded io-lifetimes v1.0.11
  Downloaded memoffset v0.9.0
  Downloaded crossbeam-epoch v0.9.15
  Downloaded rayon v1.7.0
  Downloaded jobserver v0.1.26
  Downloaded radium v0.7.0
  Downloaded bytecheck v0.6.11
  Downloaded linux-raw-sys v0.4.3
  Downloaded rend v0.4.0
  Downloaded smallvec v1.11.0
  Downloaded syn v1.0.109
  Downloaded tinyvec v1.6.0
  Downloaded anes v0.1.6
  Downloaded crossbeam-deque v0.8.3
  Downloaded bitflags v1.3.2
  Downloaded ciborium-ll v0.2.1
  Downloaded either v1.8.1
  Downloaded num_cpus v1.16.0
  Downloaded xcursor v0.3.4
  Downloaded dlib v0.5.2
  Downloaded color_quant v1.1.0
  Downloaded tap v1.0.1
  Downloaded wayland-cursor v0.30.0
  Downloaded quote v1.0.29
  Downloaded is-terminal v0.4.9
  Downloaded wayland-protocols-wlr v0.1.0
  Downloaded futures-sink v0.3.28
  Downloaded nanorand v0.7.0
  Downloaded plotters-backend v0.3.5
  Downloaded static_assertions v1.1.0
  Downloaded tinytemplate v1.2.1
  Downloaded anstyle-parse v0.2.1
  Downloaded same-file v1.0.6
  Downloaded lebe v0.5.2
  Downloaded half v2.2.1
  Downloaded pin-project-internal v1.1.2
  Downloaded memmap2 v0.5.10
  Downloaded wayland-scanner v0.30.1
  Downloaded num-rational v0.4.1
  Downloaded log v0.4.19
  Downloaded criterion-plot v0.5.0
  Downloaded keyframe v1.1.1
  Downloaded unicode-ident v1.0.10
  Downloaded ryu v1.0.14
  Downloaded wayland-client v0.30.2
  Downloaded minimal-lexical v0.2.1
  Downloaded nom v7.1.3
  Downloaded criterion v0.5.1
  Downloaded syn v2.0.25
  Downloaded time v0.3.23
  Downloaded libm v0.2.7
  Downloaded lzzzz v1.0.4
  Downloaded itertools v0.10.5
  Downloaded plotters v0.3.5
  Downloaded smithay-client-toolkit v0.17.0
  Downloaded clap_builder v4.3.11
  Downloaded rustix v0.37.23
  Downloaded libc v0.2.147
  Downloaded jpeg-decoder v0.3.0
  Downloaded tiff v0.8.1
==> Sources are ready.
==> Making package: swww 0.8.1-0 (Sun 13 Aug 2023 02:49:02 AM IST)
==> Checking runtime dependencies...
==> Checking buildtime dependencies...
==> WARNING: Using existing $srcdir/ tree
==> Starting build()...
   Compiling autocfg v1.1.0
   Compiling libc v0.2.147
   Compiling cfg-if v1.0.0
   Compiling proc-macro2 v1.0.64
   Compiling unicode-ident v1.0.10
   Compiling quote v1.0.29
   Compiling rustix v0.38.4
   Compiling bitflags v1.3.2
   Compiling io-lifetimes v1.0.11
   Compiling crossbeam-utils v0.8.16
   Compiling scopeguard v1.1.0
   Compiling libm v0.2.7
   Compiling smallvec v1.11.0
   Compiling memoffset v0.9.0
   Compiling crossbeam-epoch v0.9.15
   Compiling memoffset v0.7.1
   Compiling pkg-config v0.3.27
   Compiling memchr v2.5.0
   Compiling num-traits v0.2.15
   Compiling libloading v0.8.0
   Compiling syn v1.0.109
   Compiling jobserver v0.1.26
   Compiling syn v2.0.25
   Compiling linux-raw-sys v0.4.3
   Compiling cc v1.0.79
   Compiling simd-adler32 v0.3.5
   Compiling log v0.4.19
   Compiling wayland-sys v0.30.1
   Compiling bitflags v2.3.3
   Compiling dlib v0.5.2
   Compiling utf8parse v0.2.1
   Compiling getrandom v0.2.10
   Compiling static_assertions v1.1.0
   Compiling rayon-core v1.11.0
   Compiling version_check v0.9.4
   Compiling nix v0.26.2
   Compiling crossbeam-deque v0.8.3
   Compiling is-terminal v0.4.9
   Compiling quick-xml v0.28.2
   Compiling num_cpus v1.16.0
   Compiling anstyle-parse v0.2.1
   Compiling ahash v0.7.6
   Compiling wayland-backend v0.1.2
   Compiling crossbeam-channel v0.5.8
   Compiling lock_api v0.4.10
   Compiling scoped-tls v1.0.1
   Compiling heck v0.4.1
   Compiling anstyle-query v1.0.0
   Compiling once_cell v1.18.0
   Compiling colorchoice v1.0.0
   Compiling adler v1.0.2
   Compiling anstyle v1.0.1
   Compiling downcast-rs v1.2.0
   Compiling crc32fast v1.3.2
   Compiling miniz_oxide v0.7.1
   Compiling wayland-scanner v0.30.1
   Compiling anstream v0.3.2
   Compiling futures-core v0.3.28
   Compiling clap_lex v0.5.0
   Compiling rustix v0.37.23
   Compiling strsim v0.10.0
   Compiling thiserror v1.0.43
   Compiling clap_builder v4.3.11
   Compiling lzzzz v1.0.4
   Compiling num-integer v0.1.45
   Compiling wayland-client v0.30.2
   Compiling minimal-lexical v0.2.1
   Compiling linux-raw-sys v0.3.8
   Compiling either v1.8.1
   Compiling rkyv v0.7.42
   Compiling rayon v1.7.0
   Compiling nom v7.1.3
   Compiling clap_derive v4.3.2
   Compiling pin-project-internal v1.1.2
   Compiling thiserror-impl v1.0.43
   Compiling ptr_meta_derive v0.1.4
   Compiling pin-project v1.1.2
   Compiling rkyv_derive v0.7.42
   Compiling ptr_meta v0.1.4
   Compiling flate2 v1.0.26
   Compiling spin v0.9.8
   Compiling hashbrown v0.12.3
   Compiling nanorand v0.7.0
   Compiling num-rational v0.4.1
   Compiling seahash v4.1.0
   Compiling lazy_static v1.4.0
   Compiling futures-sink v0.3.28
   Compiling time-core v0.1.1
   Compiling weezl v0.1.7
   Compiling flume v0.10.14
   Compiling clap v4.3.11
   Compiling clap_complete v4.3.2
   Compiling time-macros v0.2.10
   Compiling jpeg-decoder v0.3.0
   Compiling xcursor v0.3.4
   Compiling terminal_size v0.2.6
   Compiling wayland-protocols v0.30.0
   Compiling rand_core v0.6.4
   Compiling zune-inflate v0.2.54
   Compiling fdeflate v0.3.0
   Compiling lebe v0.5.2
   Compiling itoa v1.0.8
   Compiling bit_field v0.10.2
   Compiling color_quant v1.1.0
   Compiling smithay-client-toolkit v0.17.0
   Compiling bytemuck v1.13.1
   Compiling num_threads v0.1.6
   Compiling ppv-lite86 v0.2.17
   Compiling half v2.2.1
   Compiling exr v1.7.0
   Compiling time v0.3.23
   Compiling rand_chacha v0.3.1
   Compiling qoi v0.4.1
   Compiling gif v0.12.0
   Compiling png v0.17.9
   Compiling wayland-protocols-wlr v0.1.0
   Compiling tiff v0.8.1
   Compiling swww v0.8.1 (/home/kellsatnite/.cache/yay/swww/src/swww-0.8.1)
   Compiling wayland-cursor v0.30.0
   Compiling memmap2 v0.5.10
   Compiling byteorder v1.4.3
   Compiling mint v0.5.9
   Compiling termcolor v1.1.3
   Compiling image v0.24.6
   Compiling keyframe v1.1.1
   Compiling simplelog v0.12.1
warning: generated shell completion file: "completions/swww.bash"
warning: generated shell completion file: "completions/_swww"
warning: generated shell completion file: "completions/swww.fish"
warning: generated shell completion file: "completions/swww.elv"
   Compiling rand v0.8.5
   Compiling fast_image_resize v2.7.3
   Compiling sd-notify v0.4.1
   Compiling utils v0.8.1 (/home/kellsatnite/.cache/yay/swww/src/swww-0.8.1/utils)
   Compiling swww-daemon v0.8.1 (/home/kellsatnite/.cache/yay/swww/src/swww-0.8.1/daemon)
    Finished release [optimized] target(s) in 1m 44s
mkdir: created directory './doc/generated'
generating ./doc/generated/swww.1... ...done!
generating ./doc/generated/swww-clear.1... ...done!
generating ./doc/generated/swww-daemon.1... ...done!
generating ./doc/generated/swww-img.1... ...done!
generating ./doc/generated/swww-init.1... ...done!
generating ./doc/generated/swww-kill.1... ...done!
generating ./doc/generated/swww-query.1... ...done!
==> Entering fakeroot environment...
==> Starting package()...
==> Tidying install...
  -> Removing libtool files...
  -> Purging unwanted files...
  -> Removing static library files...
  -> Stripping unneeded symbols from binaries and libraries...
  -> Compressing man and info pages...
==> Checking for packaging issues...
==> Creating package "swww"...
  -> Generating .PKGINFO file...
  -> Generating .BUILDINFO file...
  -> Generating .MTREE file...
  -> Compressing package...
==> Leaving fakeroot environment.
==> Finished making: swww 0.8.1-0 (Sun 13 Aug 2023 02:50:50 AM IST)
==> Cleaning up...
loading packages...
resolving dependencies...
looking for conflicting packages...

Packages (1) swww-0.8.1-0

Total Installed Size:  4.15 MiB

:: Proceed with installation? [Y/n] 
checking keyring...
checking package integrity...
loading package files...
checking for file conflicts...
checking available disk space...
:: Processing package changes...
installing swww...
:: Running post-transaction hooks...
(1/1) Arming ConditionNeedsUpdate...
Sync Explicit (1): btop-1.2.13-1
resolving dependencies...
looking for conflicting packages...

Packages (1) btop-1.2.13-1

Total Download Size:   0.47 MiB
Total Installed Size:  1.32 MiB

:: Proceed with installation? [Y/n] 
:: Retrieving packages...
 btop-1.2.13-1-x86_64 downloading...
checking keyring...
checking package integrity...
loading package files...
checking for file conflicts...
checking available disk space...
:: Processing package changes...
installing btop...
:: Running post-transaction hooks...
(1/3) Arming ConditionNeedsUpdate...
(2/3) Updating icon theme caches...
(3/3) Updating the desktop file MIME type cache...
Sync Explicit (1): firefox-116.0.2-1
resolving dependencies...
looking for conflicting packages...

Packages (3) dbus-glib-0.112-3  mailcap-2.1.54-1  firefox-116.0.2-1

Total Download Size:    62.30 MiB
Total Installed Size:  221.62 MiB

:: Proceed with installation? [Y/n] 
:: Retrieving packages...
 firefox-116.0.2-1-x86_64 downloading...
 dbus-glib-0.112-3-x86_64 downloading...
 mailcap-2.1.54-1-any downloading...
checking keyring...
checking package integrity...
loading package files...
checking for file conflicts...
checking available disk space...
:: Processing package changes...
installing dbus-glib...
installing mailcap...
installing firefox...
Optional dependencies for firefox
    hunspell-en_US: Spell checking, American English
    libnotify: Notification integration [installed]
    networkmanager: Location detection via available WiFi networks [installed]
    pulseaudio: Audio support [installed]
    speech-dispatcher: Text-to-Speech
    xdg-desktop-portal: Screensharing with Wayland [installed]
:: Running post-transaction hooks...
(1/3) Arming ConditionNeedsUpdate...
(2/3) Updating icon theme caches...
(3/3) Updating the desktop file MIME type cache...
Sync Explicit (1): thunderbird-115.1.0-1
resolving dependencies...
looking for conflicting packages...

Packages (3) botan2-2.19.3-1  hunspell-1.7.2-1  thunderbird-115.1.0-1

Total Download Size:    58.49 MiB
Total Installed Size:  231.79 MiB

:: Proceed with installation? [Y/n] 
:: Retrieving packages...
 thunderbird-115.1.0-1-x86_64 downloading...
 botan2-2.19.3-1-x86_64 downloading...
 hunspell-1.7.2-1-x86_64 downloading...
checking keyring...
checking package integrity...
loading package files...
checking for file conflicts...
checking available disk space...
:: Processing package changes...
installing hunspell...
Optional dependencies for hunspell
    perl: for ispellaff2myspell [installed]
installing botan2...
Optional dependencies for botan2
    python: for using botan2.py [installed]
installing thunderbird...
Optional dependencies for thunderbird
    hunspell-en_us: Spell checking, American English
    libotr: OTR support for active one-to-one chats
    libnotify: Notification integration [installed]
:: Running post-transaction hooks...
(1/3) Arming ConditionNeedsUpdate...
(2/3) Updating icon theme caches...
(3/3) Updating the desktop file MIME type cache...
Sync Explicit (1): mpv-1:0.36.0-1
resolving dependencies...
looking for conflicting packages...

Packages (11) libdvdnav-6.1.1-2  libdvdread-6.1.3-2  libplacebo-5.264.1-2  libsamplerate-0.2.2-2  libxpresent-1.0.1-1  mujs-1.3.3-1  rubberband-3.3.0-1  shaderc-2023.4-1  spirv-tools-2022.4-1  uchardet-0.0.8-1  mpv-1:0.36.0-1

Total Download Size:    6.70 MiB
Total Installed Size:  22.17 MiB

:: Proceed with installation? [Y/n] 
:: Retrieving packages...
 mpv-1:0.36.0-1-x86_64 downloading...
 rubberband-3.3.0-1-x86_64 downloading...
 spirv-tools-2022.4-1-x86_64 downloading...
 libsamplerate-0.2.2-2-x86_64 downloading...
 libplacebo-5.264.1-2-x86_64 downloading...
 mujs-1.3.3-1-x86_64 downloading...
 shaderc-2023.4-1-x86_64 downloading...
 libdvdread-6.1.3-2-x86_64 downloading...
 uchardet-0.0.8-1-x86_64 downloading...
 libdvdnav-6.1.1-2-x86_64 downloading...
 libxpresent-1.0.1-1-x86_64 downloading...
checking keyring...
checking package integrity...
loading package files...
checking for file conflicts...
checking available disk space...
:: Processing package changes...
installing libdvdread...
Optional dependencies for libdvdread
    libdvdcss: Decoding encrypted DVDs
installing libdvdnav...
installing spirv-tools...
installing shaderc...
installing libplacebo...
installing libxpresent...
installing mujs...
installing libsamplerate...
installing rubberband...
installing uchardet...
installing mpv...
Optional dependencies for mpv
    yt-dlp: for video-sharing websites playback
    youtube-dl: for video-sharing websites playback
:: Running post-transaction hooks...
(1/3) Arming ConditionNeedsUpdate...
(2/3) Updating icon theme caches...
(3/3) Updating the desktop file MIME type cache...
Sync Explicit (1): pavucontrol-1:5.0+r64+geba9ca6-1
resolving dependencies...
looking for conflicting packages...

Packages (1) pavucontrol-1:5.0+r64+geba9ca6-1

Total Download Size:   0.18 MiB
Total Installed Size:  1.01 MiB

:: Proceed with installation? [Y/n] 
:: Retrieving packages...
 pavucontrol-1:5.0+r64+geba9ca6-1-x86_64 downloading...
checking keyring...
checking package integrity...
loading package files...
checking for file conflicts...
checking available disk space...
:: Processing package changes...
installing pavucontrol...
Optional dependencies for pavucontrol
    pulseaudio: Audio backend [installed]
:: Running post-transaction hooks...
(1/2) Arming ConditionNeedsUpdate...
(2/2) Updating the desktop file MIME type cache...
Sync Explicit (1): blueman-2.3.5-2
resolving dependencies...
looking for conflicting packages...

Packages (3) python-cairo-1.24.0-1  python-gobject-3.44.1-4  blueman-2.3.5-2

Total Download Size:   1.78 MiB
Total Installed Size:  6.90 MiB

:: Proceed with installation? [Y/n] 
:: Retrieving packages...
 blueman-2.3.5-2-x86_64 downloading...
 python-gobject-3.44.1-4-x86_64 downloading...
 python-cairo-1.24.0-1-x86_64 downloading...
checking keyring...
checking package integrity...
loading package files...
checking for file conflicts...
checking available disk space...
:: Processing package changes...
installing python-cairo...
installing python-gobject...
Optional dependencies for python-gobject
    cairo: Cairo bindings [installed]
installing blueman...
Optional dependencies for blueman
    dnsmasq: Network Access Point (NAP) support
    iproute2: Network Access Point (NAP) support [installed]
    networkmanager: Dial Up Networking (DUN) and Personal Area Networking (PAN) support [installed]
    pulseaudio-bluetooth: audio devices support [installed]
:: Running post-transaction hooks...
(1/6) Reloading system manager configuration...
(2/6) Arming ConditionNeedsUpdate...
(3/6) Reloading system bus configuration...
(4/6) Compiling GSettings XML schema files...
(5/6) Updating icon theme caches...
(6/6) Updating the desktop file MIME type cache...
Sync Explicit (1): network-manager-applet-1.32.0-3
resolving dependencies...
looking for conflicting packages...

Packages (5) gcr-4-4.1.0-1  libnma-1.10.6-2  libnma-common-1.10.6-2  nm-connection-editor-1.32.0-3  network-manager-applet-1.32.0-3

Total Download Size:   1.77 MiB
Total Installed Size:  9.51 MiB

:: Proceed with installation? [Y/n] 
:: Retrieving packages...
 nm-connection-editor-1.32.0-3-x86_64 downloading...
 gcr-4-4.1.0-1-x86_64 downloading...
 libnma-common-1.10.6-2-x86_64 downloading...
 network-manager-applet-1.32.0-3-x86_64 downloading...
 libnma-1.10.6-2-x86_64 downloading...
checking keyring...
checking package integrity...
loading package files...
checking for file conflicts...
checking available disk space...
:: Processing package changes...
installing gcr-4...
Created symlink /etc/systemd/user/sockets.target.wants/gcr-ssh-agent.socket → /usr/lib/systemd/user/gcr-ssh-agent.socket.
Optional dependencies for gcr-4
    gtk4: gcr-viewer-gtk4
installing libnma-common...
installing libnma...
installing nm-connection-editor...
installing network-manager-applet...
:: Running post-transaction hooks...
(1/4) Arming ConditionNeedsUpdate...
(2/4) Compiling GSettings XML schema files...
(3/4) Updating icon theme caches...
(4/4) Updating the desktop file MIME type cache...
Sync Explicit (1): thunar-archive-plugin-0.5.1-1
resolving dependencies...
looking for conflicting packages...

Packages (1) thunar-archive-plugin-0.5.1-1

Total Download Size:   0.04 MiB
Total Installed Size:  0.17 MiB

:: Proceed with installation? [Y/n] 
:: Retrieving packages...
 thunar-archive-plugin-0.5.1-1-x86_64 downloading...
checking keyring...
checking package integrity...
loading package files...
checking for file conflicts...
checking available disk space...
:: Processing package changes...
installing thunar-archive-plugin...
Optional dependencies for thunar-archive-plugin
    file-roller
    engrampa
    ark
    xarchiver
:: Running post-transaction hooks...
(1/2) Arming ConditionNeedsUpdate...
(2/2) Updating icon theme caches...
Sync Explicit (1): file-roller-43.0-2
resolving dependencies...
looking for conflicting packages...

Packages (5) libportal-0.6-1  libportal-gtk3-0.6-1  unzip-6.0-19  zip-3.0-10  file-roller-43.0-2

Total Download Size:   1.15 MiB
Total Installed Size:  5.43 MiB

:: Proceed with installation? [Y/n] 
:: Retrieving packages...
 file-roller-43.0-2-x86_64 downloading...
 zip-3.0-10-x86_64 downloading...
 unzip-6.0-19-x86_64 downloading...
 libportal-0.6-1-x86_64 downloading...
 libportal-gtk3-0.6-1-x86_64 downloading...
checking keyring...
checking package integrity...
loading package files...
checking for file conflicts...
checking available disk space...
:: Processing package changes...
installing libportal...
installing libportal-gtk3...
installing unzip...
installing zip...
installing file-roller...
Optional dependencies for file-roller
    lrzip: lrzip archive support
    p7zip: 7z, arj, exe and encrypted zip files support
    squashfs-tools: squashfs image support
    unace: ACE archive support
    unrar: better RAR archive support
:: Running post-transaction hooks...
(1/4) Arming ConditionNeedsUpdate...
(2/4) Compiling GSettings XML schema files...
(3/4) Updating icon theme caches...
(4/4) Updating the desktop file MIME type cache...
Sync Explicit (1): papirus-icon-theme-20230801-1
resolving dependencies...
looking for conflicting packages...

Packages (1) papirus-icon-theme-20230801-1

Total Download Size:    23.36 MiB
Total Installed Size:  114.75 MiB

:: Proceed with installation? [Y/n] 
:: Retrieving packages...
 papirus-icon-theme-20230801-1-any downloading...
checking keyring...
checking package integrity...
loading package files...
checking for file conflicts...
checking available disk space...
:: Processing package changes...
installing papirus-icon-theme...
:: Running post-transaction hooks...
(1/2) Arming ConditionNeedsUpdate...
(2/2) Updating icon theme caches...
AUR Explicit (1): nwg-look-bin-0.2.4-1
Sync Dependency (1): xcur2png-0.7.1-7
:: [1m(1/1) Downloaded PKGBUILD: nwg-look-bin[0m
  1 nwg-look-bin                             (Build Files Exist)
==> Packages to cleanBuild?
==> [N]one [A]ll [Ab]ort [I]nstalled [No]tInstalled or (1 2 3, 1-3, ^4)
==> 
  1 nwg-look-bin                             (Build Files Exist)
==> Diffs to show?
==> [N]one [A]ll [Ab]ort [I]nstalled [No]tInstalled or (1 2 3, 1-3, ^4)
==> 
==> Making package: nwg-look-bin 0.2.4-1 (Sun 13 Aug 2023 02:51:58 AM IST)
==> Retrieving sources...
  -> Downloading nwg-look-bin-0.2.4.tar.gz...
  % Total    % Received % Xferd  Average Speed   Time    Time     Time  Current
                                 Dload  Upload   Total   Spent    Left  Speed
  0     0    0     0    0     0      0      0 --:--:-- --:--:-- --:--:--     0  0     0    0     0    0     0      0      0 --:--:-- --:--:-- --:--:--     0
  0 3051k    0 30155    0     0  30335      0  0:01:42 --:--:--  0:01:42 30335100 3051k  100 3051k    0     0  2587k      0  0:00:01  0:00:01 --:--:-- 16.0M
==> WARNING: Skipping verification of source file PGP signatures.
==> Validating source files with md5sums...
    nwg-look-bin-0.2.4.tar.gz ... Passed
:: [1m(1/1) Parsing SRCINFO: nwg-look-bin[0m
resolving dependencies...
looking for conflicting packages...

Packages (1) xcur2png-0.7.1-7

Total Download Size:   0.01 MiB
Total Installed Size:  0.03 MiB

:: Proceed with installation? [Y/n] 
:: Retrieving packages...
 xcur2png-0.7.1-7-x86_64 downloading...
checking keyring...
checking package integrity...
loading package files...
checking for file conflicts...
checking available disk space...
:: Processing package changes...
installing xcur2png...
:: Running post-transaction hooks...
(1/1) Arming ConditionNeedsUpdate...
==> Making package: nwg-look-bin 0.2.4-1 (Sun 13 Aug 2023 02:52:01 AM IST)
==> Checking runtime dependencies...
==> Checking buildtime dependencies...
==> Retrieving sources...
  -> Found nwg-look-bin-0.2.4.tar.gz
==> Validating source files with md5sums...
    nwg-look-bin-0.2.4.tar.gz ... Passed
==> Removing existing $srcdir/ directory...
==> Extracting sources...
  -> Extracting nwg-look-bin-0.2.4.tar.gz with bsdtar
==> Sources are ready.
==> Making package: nwg-look-bin 0.2.4-1 (Sun 13 Aug 2023 02:52:03 AM IST)
==> Checking runtime dependencies...
==> Checking buildtime dependencies...
==> WARNING: Using existing $srcdir/ tree
==> Entering fakeroot environment...
==> Starting package()...
==> Tidying install...
  -> Removing libtool files...
  -> Purging unwanted files...
  -> Removing static library files...
  -> Stripping unneeded symbols from binaries and libraries...
  -> Compressing man and info pages...
==> Checking for packaging issues...
==> Creating package "nwg-look-bin"...
  -> Generating .PKGINFO file...
  -> Generating .BUILDINFO file...
  -> Generating .MTREE file...
  -> Compressing package...
==> Leaving fakeroot environment.
==> Finished making: nwg-look-bin 0.2.4-1 (Sun 13 Aug 2023 02:52:04 AM IST)
==> Cleaning up...
loading packages...
resolving dependencies...
looking for conflicting packages...

Packages (1) nwg-look-bin-0.2.4-1

Total Installed Size:  4.02 MiB

:: Proceed with installation? [Y/n] 
checking keyring...
checking package integrity...
loading package files...
checking for file conflicts...
checking available disk space...
:: Processing package changes...
installing nwg-look-bin...
:: Running post-transaction hooks...
(1/2) Arming ConditionNeedsUpdate...
(2/2) Updating the desktop file MIME type cache...
Sync Explicit (1): sddm-0.20.0-2
resolving dependencies...
looking for conflicting packages...

Packages (4) xf86-input-libinput-1.3.0-1  xorg-server-21.1.8-2  xorg-xauth-1.1.2-1  sddm-0.20.0-2

Total Download Size:   4.90 MiB
Total Installed Size:  8.40 MiB

:: Proceed with installation? [Y/n] 
:: Retrieving packages...
 sddm-0.20.0-2-x86_64 downloading...
 xorg-server-21.1.8-2-x86_64 downloading...
 xf86-input-libinput-1.3.0-1-x86_64 downloading...
 xorg-xauth-1.1.2-1-x86_64 downloading...
checking keyring...
checking package integrity...
loading package files...
checking for file conflicts...
checking available disk space...
:: Processing package changes...
installing xorg-xauth...
installing xf86-input-libinput...
installing xorg-server...
>>> xorg-server has now the ability to run without root rights with
    the help of systemd-logind. xserver will fail to run if not launched
    from the same virtual terminal as was used to log in.
    Without root rights, log files will be in ~/.local/share/xorg/ directory.

    Old behavior can be restored through Xorg.wrap config file.
    See Xorg.wrap man page (man xorg.wrap).
installing sddm...
:: Running post-transaction hooks...
(1/5) Creating system user accounts...
Creating group 'sddm' with GID 968.
Creating user 'sddm' (SDDM Greeter Account) with UID 968 and GID 968.
(2/5) Reloading system manager configuration...
(3/5) Creating temporary files...
(4/5) Arming ConditionNeedsUpdate...
(5/5) Reloading system bus configuration...
Created symlink /etc/systemd/system/display-manager.service → /usr/lib/systemd/system/sddm.service.
error: target not found: xdg-desktop-portal-gnome
error: target not found: xdg-desktop-portal-gtk
 -> exit status 1
[Theme]
Current=sdt
